<?xml version="1.0" encoding="utf-8" standalone="no"?>
<!--This file represents the results of running a test suite-->
<test-results name="C:\Development\Remotion\trunk\Remotion\ObjectBinding\UnitTests\bin\Debug\Remotion.ObjectBinding.UnitTests.dll" total="1414" errors="0" failures="0" not-run="31" inconclusive="0" ignored="31" skipped="0" invalid="0" date="2011-03-30" time="13:42:49">
  <environment nunit-version="2.5.9.10348" clr-version="2.0.50727.4952" os-version="Microsoft Windows NT 6.1.7600.0" platform="Win32NT" cwd="C:\Development\Remotion\trunk\prereq\Tools\NUnit 2.5\bin\net-2.0" machine-name="AT-VIE-DEV-53" user="michael.ketting" user-domain="RUBICON" />
  <culture-info current-culture="de-AT" current-uiculture="en-US" />
  <test-suite type="Assembly" name="C:\Development\Remotion\trunk\Remotion\ObjectBinding\UnitTests\bin\Debug\Remotion.ObjectBinding.UnitTests.dll" executed="True" result="Success" success="True" time="25.889" asserts="0">
    <results>
      <test-suite type="Namespace" name="Remotion" executed="True" result="Success" success="True" time="25.734" asserts="0">
        <results>
          <test-suite type="Namespace" name="ObjectBinding" executed="True" result="Success" success="True" time="25.562" asserts="0">
            <results>
              <test-suite type="Namespace" name="UnitTests" executed="True" result="Success" success="True" time="25.468" asserts="0">
                <results>
                  <test-suite type="TestFixture" name="BocLegacyServiceConfigurationServiceTest" executed="True" result="Success" success="True" time="0.266" asserts="0">
                    <results>
                      <test-case name="Remotion.ObjectBinding.UnitTests.BocLegacyServiceConfigurationServiceTest.GetConfiguration" executed="True" result="Success" success="True" time="0.130" asserts="1" />
                      <test-case name="Remotion.ObjectBinding.UnitTests.BocLegacyServiceConfigurationServiceTest.RegisterLegacyTypesToNewDefaultServiceLocator" executed="True" result="Success" success="True" time="0.121" asserts="23" />
                    </results>
                  </test-suite>
                  <test-suite type="Namespace" name="Core" executed="True" result="Success" success="True" time="7.646" asserts="0">
                    <results>
                      <test-suite type="Namespace" name="BindableObject" executed="True" result="Success" success="True" time="5.864" asserts="0">
                        <results>
                          <test-suite type="TestFixture" name="BindableObjectBaseImplementationTest" executed="True" result="Success" success="True" time="2.021" asserts="0">
                            <results>
                              <test-case name="Remotion.ObjectBinding.UnitTests.Core.BindableObject.BindableObjectBaseImplementationTest.BaseDisplayName" executed="True" result="Success" success="True" time="2.011" asserts="1" />
                              <test-case name="Remotion.ObjectBinding.UnitTests.Core.BindableObject.BindableObjectBaseImplementationTest.Create" executed="True" result="Success" success="True" time="0.004" asserts="2" />
                              <test-case name="Remotion.ObjectBinding.UnitTests.Core.BindableObject.BindableObjectBaseImplementationTest.Deserialization" executed="True" result="Success" success="True" time="0.004" asserts="2" />
                              <test-case name="Remotion.ObjectBinding.UnitTests.Core.BindableObject.BindableObjectBaseImplementationTest.DisplayName_ViaImplementation_Default" executed="True" result="Success" success="True" time="0.001" asserts="1" />
                              <test-case name="Remotion.ObjectBinding.UnitTests.Core.BindableObject.BindableObjectBaseImplementationTest.DisplayName_ViaImplementation_Overridden" executed="True" result="Success" success="True" time="0.001" asserts="1" />
                            </results>
                          </test-suite>
                          <test-suite type="TestFixture" name="BindableObjectBaseIntegrationTest" executed="True" result="Success" success="True" time="0.073" asserts="0">
                            <results>
                              <test-case name="Remotion.ObjectBinding.UnitTests.Core.BindableObject.BindableObjectBaseIntegrationTest.BusinessObjectClass" executed="True" result="Success" success="True" time="0.002" asserts="4" />
                              <test-case name="Remotion.ObjectBinding.UnitTests.Core.BindableObject.BindableObjectBaseIntegrationTest.ClassDerivedFromBindableObjectBaseOverridingMixinMethod" executed="True" result="Success" success="True" time="0.023" asserts="3" />
                              <test-case name="Remotion.ObjectBinding.UnitTests.Core.BindableObject.BindableObjectBaseIntegrationTest.DisplayName_Default" executed="True" result="Success" success="True" time="0.000" asserts="1" />
                              <test-case name="Remotion.ObjectBinding.UnitTests.Core.BindableObject.BindableObjectBaseIntegrationTest.DisplayName_Overridden" executed="True" result="Success" success="True" time="0.000" asserts="1" />
                              <test-case name="Remotion.ObjectBinding.UnitTests.Core.BindableObject.BindableObjectBaseIntegrationTest.DisplayNameSafe_Default" executed="True" result="Success" success="True" time="0.002" asserts="1" />
                              <test-case name="Remotion.ObjectBinding.UnitTests.Core.BindableObject.BindableObjectBaseIntegrationTest.DisplayNameSafe_Overridden" executed="True" result="Success" success="True" time="0.010" asserts="1" />
                              <test-case name="Remotion.ObjectBinding.UnitTests.Core.BindableObject.BindableObjectBaseIntegrationTest.GetProperty" executed="True" result="Success" success="True" time="0.003" asserts="1" />
                              <test-case name="Remotion.ObjectBinding.UnitTests.Core.BindableObject.BindableObjectBaseIntegrationTest.GetProperty_ExplicitInterfaceScalar" executed="True" result="Success" success="True" time="0.021" asserts="1" />
                              <test-case name="Remotion.ObjectBinding.UnitTests.Core.BindableObject.BindableObjectBaseIntegrationTest.GetProperty_ImplicitInterfaceReadOnlyScalar_WithReadWriteImplementation" executed="True" result="Success" success="True" time="0.002" asserts="1" />
                              <test-case name="Remotion.ObjectBinding.UnitTests.Core.BindableObject.BindableObjectBaseIntegrationTest.GetProperty_ImplicitInterfaceScalar" executed="True" result="Success" success="True" time="0.001" asserts="1" />
                              <test-case name="Remotion.ObjectBinding.UnitTests.Core.BindableObject.BindableObjectBaseIntegrationTest.GetProvider" executed="True" result="Success" success="True" time="0.001" asserts="2" />
                              <test-case name="Remotion.ObjectBinding.UnitTests.Core.BindableObject.BindableObjectBaseIntegrationTest.SetProperty" executed="True" result="Success" success="True" time="0.002" asserts="1" />
                              <test-case name="Remotion.ObjectBinding.UnitTests.Core.BindableObject.BindableObjectBaseIntegrationTest.SetProperty_ExplicitInterfaceScalar" executed="True" result="Success" success="True" time="0.001" asserts="1" />
                              <test-case name="Remotion.ObjectBinding.UnitTests.Core.BindableObject.BindableObjectBaseIntegrationTest.SetProperty_ImplicitInterfaceReadOnlyScalar_WithReadWriteImplementation" executed="False" result="Ignored">
                                <reason>
                                  <message><![CDATA[COMMONS-1439]]></message>
                                </reason>
                              </test-case>
                              <test-case name="Remotion.ObjectBinding.UnitTests.Core.BindableObject.BindableObjectBaseIntegrationTest.SetProperty_ImplicitInterfaceScalar" executed="True" result="Success" success="True" time="0.001" asserts="1" />
                            </results>
                          </test-suite>
                          <test-suite type="TestFixture" name="BindableObjectBaseTest" executed="True" result="Success" success="True" time="0.394" asserts="0">
                            <results>
                              <test-case name="Remotion.ObjectBinding.UnitTests.Core.BindableObject.BindableObjectBaseTest.BindableObjectBaseClassAttribute" executed="True" result="Success" success="True" time="0.296" asserts="1" />
                              <test-case name="Remotion.ObjectBinding.UnitTests.Core.BindableObject.BindableObjectBaseTest.BindableObjectProviderAttribute" executed="True" result="Success" success="True" time="0.002" asserts="1" />
                              <test-case name="Remotion.ObjectBinding.UnitTests.Core.BindableObject.BindableObjectBaseTest.BusinessObjectClass" executed="True" result="Success" success="True" time="0.038" asserts="1" />
                              <test-case name="Remotion.ObjectBinding.UnitTests.Core.BindableObject.BindableObjectBaseTest.CreateImplementation" executed="True" result="Success" success="True" time="0.001" asserts="1" />
                              <test-case name="Remotion.ObjectBinding.UnitTests.Core.BindableObject.BindableObjectBaseTest.DisplayName" executed="True" result="Success" success="True" time="0.005" asserts="1" />
                              <test-case name="Remotion.ObjectBinding.UnitTests.Core.BindableObject.BindableObjectBaseTest.DisplayNameSafe" executed="True" result="Success" success="True" time="0.002" asserts="1" />
                              <test-case name="Remotion.ObjectBinding.UnitTests.Core.BindableObject.BindableObjectBaseTest.GetProperty" executed="True" result="Success" success="True" time="0.041" asserts="1" />
                              <test-case name="Remotion.ObjectBinding.UnitTests.Core.BindableObject.BindableObjectBaseTest.GetPropertyString" executed="True" result="Success" success="True" time="0.002" asserts="1" />
                              <test-case name="Remotion.ObjectBinding.UnitTests.Core.BindableObject.BindableObjectBaseTest.Implementation_IsInitialized" executed="True" result="Success" success="True" time="0.001" asserts="1" />
                              <test-case name="Remotion.ObjectBinding.UnitTests.Core.BindableObject.BindableObjectBaseTest.Serialization" executed="True" result="Success" success="True" time="0.001" asserts="1" />
                              <test-case name="Remotion.ObjectBinding.UnitTests.Core.BindableObject.BindableObjectBaseTest.SetProperty" executed="True" result="Success" success="True" time="0.003" asserts="0" />
                            </results>
                          </test-suite>
                          <test-suite type="TestFixture" name="BindableObjectClassTest" executed="True" result="Success" success="True" time="0.244" asserts="0">
                            <results>
                              <test-case name="Remotion.ObjectBinding.UnitTests.Core.BindableObject.BindableObjectClassTest.GetPropertyDefinition" executed="True" result="Success" success="True" time="0.122" asserts="8" />
                              <test-case name="Remotion.ObjectBinding.UnitTests.Core.BindableObject.BindableObjectClassTest.GetPropertyDefinition_ForMixedProperty" executed="True" result="Success" success="True" time="0.030" asserts="8" />
                              <test-case name="Remotion.ObjectBinding.UnitTests.Core.BindableObject.BindableObjectClassTest.GetPropertyDefinition_FromOverriddenPropertiesProperty" executed="True" result="Success" success="True" time="0.056" asserts="2" />
                              <test-case name="Remotion.ObjectBinding.UnitTests.Core.BindableObject.BindableObjectClassTest.GetPropertyDefinition_WithInvalidPropertyName" executed="True" result="Success" success="True" time="0.008" asserts="0" />
                              <test-case name="Remotion.ObjectBinding.UnitTests.Core.BindableObject.BindableObjectClassTest.GetPropertyDefinitions" executed="True" result="Success" success="True" time="0.009" asserts="92" />
                              <test-case name="Remotion.ObjectBinding.UnitTests.Core.BindableObject.BindableObjectClassTest.GetPropertyDefinitions_FromOverriddenPropertiesProperty" executed="True" result="Success" success="True" time="0.002" asserts="2" />
                              <test-case name="Remotion.ObjectBinding.UnitTests.Core.BindableObject.BindableObjectClassTest.HasPropertyDefinition" executed="True" result="Success" success="True" time="0.005" asserts="2" />
                              <test-case name="Remotion.ObjectBinding.UnitTests.Core.BindableObject.BindableObjectClassTest.HasPropertyDefinition_ForMixedProperty" executed="True" result="Success" success="True" time="0.006" asserts="1" />
                              <test-case name="Remotion.ObjectBinding.UnitTests.Core.BindableObject.BindableObjectClassTest.HasPropertyDefinition_FromOverriddenPropertiesProperty" executed="True" result="Success" success="True" time="0.001" asserts="3" />
                              <test-case name="Remotion.ObjectBinding.UnitTests.Core.BindableObject.BindableObjectClassTest.Initialize" executed="True" result="Success" success="True" time="0.002" asserts="7" />
                              <test-case name="Remotion.ObjectBinding.UnitTests.Core.BindableObject.BindableObjectClassTest.Initialize_WithGeneric" executed="True" result="Success" success="True" time="0.000" asserts="1" />
                              <test-case name="Remotion.ObjectBinding.UnitTests.Core.BindableObject.BindableObjectClassTest.Initialize_WithTypeDerivedFromBindableObjectBase" executed="True" result="Success" success="True" time="0.001" asserts="2" />
                              <test-case name="Remotion.ObjectBinding.UnitTests.Core.BindableObject.BindableObjectClassTest.Initialize_WithUnmixedType" executed="True" result="Success" success="True" time="0.000" asserts="2" />
                              <test-case name="Remotion.ObjectBinding.UnitTests.Core.BindableObject.BindableObjectClassTest.SetPropertyDefinitions" executed="True" result="Success" success="True" time="0.002" asserts="5" />
                            </results>
                          </test-suite>
                          <test-suite type="TestFixture" name="BindableObjectClassWithIdentityTest" executed="True" result="Success" success="True" time="0.109" asserts="0">
                            <results>
                              <test-case name="Remotion.ObjectBinding.UnitTests.Core.BindableObject.BindableObjectClassWithIdentityTest.GetObject_WithCustomService" executed="True" result="Success" success="True" time="0.080" asserts="1" />
                              <test-case name="Remotion.ObjectBinding.UnitTests.Core.BindableObject.BindableObjectClassWithIdentityTest.GetObject_WithDefaultService" executed="True" result="Success" success="True" time="0.026" asserts="1" />
                              <test-case name="Remotion.ObjectBinding.UnitTests.Core.BindableObject.BindableObjectClassWithIdentityTest.GetObject_WithoutService" executed="True" result="Success" success="True" time="0.002" asserts="0" />
                              <test-case name="Remotion.ObjectBinding.UnitTests.Core.BindableObject.BindableObjectClassWithIdentityTest.Initialize" executed="True" result="Success" success="True" time="0.001" asserts="4" />
                            </results>
                          </test-suite>
                          <test-suite type="Namespace" name="BindableObjectDataSourceTests" executed="True" result="Success" success="True" time="0.614" asserts="0">
                            <results>
                              <test-suite type="TestFixture" name="DesignTime" executed="True" result="Success" success="True" time="0.571" asserts="0">
                                <results>
                                  <test-case name="Remotion.ObjectBinding.UnitTests.Core.BindableObject.BindableObjectDataSourceTests.DesignTime.GetAndSetType" executed="True" result="Success" success="True" time="0.541" asserts="2" />
                                  <test-case name="Remotion.ObjectBinding.UnitTests.Core.BindableObject.BindableObjectDataSourceTests.DesignTime.GetBusinessObjectClass" executed="True" result="Success" success="True" time="0.011" asserts="2" />
                                  <test-case name="Remotion.ObjectBinding.UnitTests.Core.BindableObject.BindableObjectDataSourceTests.DesignTime.GetBusinessObjectClass_SameTwice" executed="True" result="Success" success="True" time="0.006" asserts="2" />
                                  <test-case name="Remotion.ObjectBinding.UnitTests.Core.BindableObject.BindableObjectDataSourceTests.DesignTime.GetBusinessObjectClass_WithNonBindableType" executed="True" result="Success" success="True" time="0.004" asserts="0" />
                                  <test-case name="Remotion.ObjectBinding.UnitTests.Core.BindableObject.BindableObjectDataSourceTests.DesignTime.GetBusinessObjectClass_WithTypeDerivedFromBaseClass" executed="True" result="Success" success="True" time="0.005" asserts="2" />
                                  <test-case name="Remotion.ObjectBinding.UnitTests.Core.BindableObject.BindableObjectDataSourceTests.DesignTime.GetType_WithNull" executed="True" result="Success" success="True" time="0.003" asserts="1" />
                                </results>
                              </test-suite>
                              <test-suite type="TestFixture" name="RunTime" executed="True" result="Success" success="True" time="0.041" asserts="0">
                                <results>
                                  <test-case name="Remotion.ObjectBinding.UnitTests.Core.BindableObject.BindableObjectDataSourceTests.RunTime.GetAndSetBusinessObject" executed="True" result="Success" success="True" time="0.033" asserts="1" />
                                  <test-case name="Remotion.ObjectBinding.UnitTests.Core.BindableObject.BindableObjectDataSourceTests.RunTime.GetAndSetType" executed="True" result="Success" success="True" time="0.002" asserts="2" />
                                  <test-case name="Remotion.ObjectBinding.UnitTests.Core.BindableObject.BindableObjectDataSourceTests.RunTime.GetAndSetType_WithNull" executed="True" result="Success" success="True" time="0.001" asserts="1" />
                                  <test-case name="Remotion.ObjectBinding.UnitTests.Core.BindableObject.BindableObjectDataSourceTests.RunTime.GetBusinessObjectClass_WithoutType" executed="True" result="Success" success="True" time="0.001" asserts="2" />
                                  <test-case name="Remotion.ObjectBinding.UnitTests.Core.BindableObject.BindableObjectDataSourceTests.RunTime.GetBusinessObjectClass_WithTypeNotUsingBindableObjectMixin" executed="True" result="Success" success="True" time="0.001" asserts="0" />
                                  <test-case name="Remotion.ObjectBinding.UnitTests.Core.BindableObject.BindableObjectDataSourceTests.RunTime.GetBusinessObjectClass_WithValidType" executed="True" result="Success" success="True" time="0.002" asserts="1" />
                                </results>
                              </test-suite>
                            </results>
                          </test-suite>
                          <test-suite type="TestFixture" name="BindableObjectDefaultValueStrategyTest" executed="True" result="Success" success="True" time="0.057" asserts="0">
                            <results>
                              <test-case name="Remotion.ObjectBinding.UnitTests.Core.BindableObject.BindableObjectDefaultValueStrategyTest.IsDefaultValue" executed="True" result="Success" success="True" time="0.055" asserts="1" />
                            </results>
                          </test-suite>
                          <test-suite type="TestFixture" name="BindableObjectGlobalizationServiceTest" executed="True" result="Success" success="True" time="0.106" asserts="0">
                            <results>
                              <test-case name="Remotion.ObjectBinding.UnitTests.Core.BindableObject.BindableObjectGlobalizationServiceTest.GetBooleanValueDisplayName" executed="True" result="Success" success="True" time="0.009" asserts="2" />
                              <test-case name="Remotion.ObjectBinding.UnitTests.Core.BindableObject.BindableObjectGlobalizationServiceTest.GetEnumerationValueDisplayName" executed="True" result="Success" success="True" time="0.004" asserts="3" />
                              <test-case name="Remotion.ObjectBinding.UnitTests.Core.BindableObject.BindableObjectGlobalizationServiceTest.GetEnumerationValueDisplayName_WithDescription" executed="True" result="Success" success="True" time="0.003" asserts="3" />
                              <test-case name="Remotion.ObjectBinding.UnitTests.Core.BindableObject.BindableObjectGlobalizationServiceTest.GetEnumerationValueDisplayName_WithoutResources" executed="True" result="Success" success="True" time="0.001" asserts="3" />
                              <test-case name="Remotion.ObjectBinding.UnitTests.Core.BindableObject.BindableObjectGlobalizationServiceTest.GetExtensibleEnumerationValueDisplayName" executed="True" result="Success" success="True" time="0.005" asserts="3" />
                              <test-case name="Remotion.ObjectBinding.UnitTests.Core.BindableObject.BindableObjectGlobalizationServiceTest.GetPropertyDisplayName" executed="True" result="Success" success="True" time="0.017" asserts="2" />
                              <test-case name="Remotion.ObjectBinding.UnitTests.Core.BindableObject.BindableObjectGlobalizationServiceTest.GetPropertyDisplayName_WithMixin" executed="True" result="Success" success="True" time="0.013" asserts="2" />
                              <test-case name="Remotion.ObjectBinding.UnitTests.Core.BindableObject.BindableObjectGlobalizationServiceTest.GetPropertyDisplayName_WithoutMultiLingualResourcesAttribute" executed="True" result="Success" success="True" time="0.000" asserts="2" />
                              <test-case name="Remotion.ObjectBinding.UnitTests.Core.BindableObject.BindableObjectGlobalizationServiceTest.GetPropertyDisplayName_WithoutResourceForProperty" executed="True" result="Success" success="True" time="0.001" asserts="2" />
                              <test-case name="Remotion.ObjectBinding.UnitTests.Core.BindableObject.BindableObjectGlobalizationServiceTest.GetPropertyDisplayName_WithPropertyAddedByMixin" executed="True" result="Success" success="True" time="0.014" asserts="1" />
                              <test-case name="Remotion.ObjectBinding.UnitTests.Core.BindableObject.BindableObjectGlobalizationServiceTest.GetPropertyDisplayName_WithTwoMixins_WithDependency_IntegrationTest" executed="False" result="Ignored">
                                <reason>
                                  <message><![CDATA[BindableObjectGlobalizationService currently does not support dynamic changes to the mixin configuration. (TODO: change that)]]></message>
                                </reason>
                              </test-case>
                              <test-case name="Remotion.ObjectBinding.UnitTests.Core.BindableObject.BindableObjectGlobalizationServiceTest.GetPropertyDisplayName_WithTwoMixins_WithDependency1_IntegrationTest" executed="True" result="Success" success="True" time="0.023" asserts="2" />
                              <test-case name="Remotion.ObjectBinding.UnitTests.Core.BindableObject.BindableObjectGlobalizationServiceTest.GetPropertyDisplayName_WithTwoMixins_WithDependency2_IntegrationTest" executed="True" result="Success" success="True" time="0.010" asserts="2" />
                            </results>
                          </test-suite>
                          <test-suite type="TestFixture" name="BindableObjectMetadataFactoryTest" executed="True" result="Success" success="True" time="0.016" asserts="0">
                            <results>
                              <test-case name="Remotion.ObjectBinding.UnitTests.Core.BindableObject.BindableObjectMetadataFactoryTest.CreateClassReflector" executed="True" result="Success" success="True" time="0.001" asserts="2" />
                              <test-case name="Remotion.ObjectBinding.UnitTests.Core.BindableObject.BindableObjectMetadataFactoryTest.CreatePropertyFinder" executed="True" result="Success" success="True" time="0.001" asserts="2" />
                              <test-case name="Remotion.ObjectBinding.UnitTests.Core.BindableObject.BindableObjectMetadataFactoryTest.CreatePropertyReflector" executed="True" result="Success" success="True" time="0.001" asserts="2" />
                              <test-case name="Remotion.ObjectBinding.UnitTests.Core.BindableObject.BindableObjectMetadataFactoryTest.Instantiate_WithMixin" executed="True" result="Success" success="True" time="0.009" asserts="2" />
                            </results>
                          </test-suite>
                          <test-suite type="Namespace" name="BindableObjectMixinTests" executed="True" result="Success" success="True" time="0.274" asserts="0">
                            <results>
                              <test-suite type="TestFixture" name="Common" executed="True" result="Success" success="True" time="0.041" asserts="0">
                                <results>
                                  <test-case name="Remotion.ObjectBinding.UnitTests.Core.BindableObject.BindableObjectMixinTests.Common.DisplayName" executed="True" result="Success" success="True" time="0.007" asserts="1" />
                                  <test-case name="Remotion.ObjectBinding.UnitTests.Core.BindableObject.BindableObjectMixinTests.Common.GetProvider" executed="True" result="Success" success="True" time="0.000" asserts="2" />
                                  <test-case name="Remotion.ObjectBinding.UnitTests.Core.BindableObject.BindableObjectMixinTests.Common.InstantiateMixedType" executed="True" result="Success" success="True" time="0.001" asserts="1" />
                                  <test-case name="Remotion.ObjectBinding.UnitTests.Core.BindableObject.BindableObjectMixinTests.Common.SerializeAndDeserialize" executed="True" result="Success" success="True" time="0.029" asserts="2" />
                                  <test-case name="Remotion.ObjectBinding.UnitTests.Core.BindableObject.BindableObjectMixinTests.Common.SerializeAndDeserialize_WithNewBindableObjectProvider" executed="True" result="Success" success="True" time="0.004" asserts="1" />
                                </results>
                              </test-suite>
                              <test-suite type="TestFixture" name="DefaultValueTest" executed="True" result="Success" success="True" time="0.027" asserts="0">
                                <results>
                                  <test-case name="Remotion.ObjectBinding.UnitTests.Core.BindableObject.BindableObjectMixinTests.DefaultValueTest.GetProperty_NormallyReturnsNonNull" executed="True" result="Success" success="True" time="0.025" asserts="2" />
                                  <test-case name="Remotion.ObjectBinding.UnitTests.Core.BindableObject.BindableObjectMixinTests.DefaultValueTest.GetProperty_ReturnsNonNull_WhenDefaultValueTrueOnList" executed="True" result="Success" success="True" time="0.001" asserts="2" />
                                  <test-case name="Remotion.ObjectBinding.UnitTests.Core.BindableObject.BindableObjectMixinTests.DefaultValueTest.GetProperty_ReturnsNull_WhenDefaultValueTrue" executed="True" result="Success" success="True" time="0.000" asserts="1" />
                                </results>
                              </test-suite>
                              <test-suite type="TestFixture" name="GetBusinessObjectClass" executed="True" result="Success" success="True" time="0.031" asserts="0">
                                <results>
                                  <test-case name="Remotion.ObjectBinding.UnitTests.Core.BindableObject.BindableObjectMixinTests.GetBusinessObjectClass.FromClass" executed="True" result="Success" success="True" time="0.002" asserts="3" />
                                  <test-case name="Remotion.ObjectBinding.UnitTests.Core.BindableObject.BindableObjectMixinTests.GetBusinessObjectClass.FromInterface" executed="True" result="Success" success="True" time="0.002" asserts="3" />
                                  <test-case name="Remotion.ObjectBinding.UnitTests.Core.BindableObject.BindableObjectMixinTests.GetBusinessObjectClass.LazyInitialization_KeepsMixinConfigurationOfConstructionTime" executed="True" result="Success" success="True" time="0.017" asserts="2" />
                                  <test-case name="Remotion.ObjectBinding.UnitTests.Core.BindableObject.BindableObjectMixinTests.GetBusinessObjectClass.LazyInitialization_KeepsMixinConfigurationOfDeserializationTime" executed="True" result="Success" success="True" time="0.006" asserts="2" />
                                  <test-case name="Remotion.ObjectBinding.UnitTests.Core.BindableObject.BindableObjectMixinTests.GetBusinessObjectClass.LazyInitialization_KeepsProviderOfConstructionTime" executed="True" result="Success" success="True" time="0.003" asserts="3" />
                                </results>
                              </test-suite>
                              <test-suite type="TestFixture" name="GetDisplayName" executed="True" result="Success" success="True" time="0.119" asserts="0">
                                <results>
                                  <test-case name="Remotion.ObjectBinding.UnitTests.Core.BindableObject.BindableObjectMixinTests.GetDisplayName.DisplayName" executed="True" result="Success" success="True" time="0.026" asserts="1" />
                                  <test-case name="Remotion.ObjectBinding.UnitTests.Core.BindableObject.BindableObjectMixinTests.GetDisplayName.DisplayNameSafe_WithoutOverriddenDisplayName" executed="True" result="Success" success="True" time="0.049" asserts="1" />
                                  <test-case name="Remotion.ObjectBinding.UnitTests.Core.BindableObject.BindableObjectMixinTests.GetDisplayName.DisplayNameSafe_WithOverriddenDisplayNameAndAccessGranted" executed="True" result="Success" success="True" time="0.029" asserts="1" />
                                  <test-case name="Remotion.ObjectBinding.UnitTests.Core.BindableObject.BindableObjectMixinTests.GetDisplayName.DisplayNameSafe_WithOverriddenDisplayNameAndWithAccessDenied" executed="True" result="Success" success="True" time="0.002" asserts="1" />
                                  <test-case name="Remotion.ObjectBinding.UnitTests.Core.BindableObject.BindableObjectMixinTests.GetDisplayName.OverriddenDisplayName" executed="True" result="Success" success="True" time="0.013" asserts="1" />
                                </results>
                              </test-suite>
                              <test-suite type="TestFixture" name="GetProperty" executed="True" result="Success" success="True" time="0.005" asserts="0">
                                <results>
                                  <test-case name="Remotion.ObjectBinding.UnitTests.Core.BindableObject.BindableObjectMixinTests.GetProperty.WithBusinessObjectProperty" executed="True" result="Success" success="True" time="0.002" asserts="1" />
                                  <test-case name="Remotion.ObjectBinding.UnitTests.Core.BindableObject.BindableObjectMixinTests.GetProperty.WithoutGetter" executed="False" result="Ignored">
                                    <reason>
                                      <message><![CDATA[TODO: discuss desired behavior]]></message>
                                    </reason>
                                  </test-case>
                                  <test-case name="Remotion.ObjectBinding.UnitTests.Core.BindableObject.BindableObjectMixinTests.GetProperty.WithPropertyIdentifier" executed="True" result="Success" success="True" time="0.001" asserts="1" />
                                </results>
                              </test-suite>
                              <test-suite type="TestFixture" name="GetPropertyString" executed="True" result="Success" success="True" time="0.033" asserts="0">
                                <results>
                                  <test-case name="Remotion.ObjectBinding.UnitTests.Core.BindableObject.BindableObjectMixinTests.GetPropertyString.FromIdentifier" executed="True" result="Success" success="True" time="0.031" asserts="2" />
                                  <test-case name="Remotion.ObjectBinding.UnitTests.Core.BindableObject.BindableObjectMixinTests.GetPropertyString.FromProperty" executed="True" result="Success" success="True" time="0.002" asserts="2" />
                                </results>
                              </test-suite>
                              <test-suite type="TestFixture" name="SetProperty" executed="True" result="Success" success="True" time="0.006" asserts="0">
                                <results>
                                  <test-case name="Remotion.ObjectBinding.UnitTests.Core.BindableObject.BindableObjectMixinTests.SetProperty.WithBusinessObjectProperty" executed="True" result="Success" success="True" time="0.002" asserts="1" />
                                  <test-case name="Remotion.ObjectBinding.UnitTests.Core.BindableObject.BindableObjectMixinTests.SetProperty.WithoutSetter" executed="False" result="Ignored">
                                    <reason>
                                      <message><![CDATA[TODO: discuss desired behavior]]></message>
                                    </reason>
                                  </test-case>
                                  <test-case name="Remotion.ObjectBinding.UnitTests.Core.BindableObject.BindableObjectMixinTests.SetProperty.WithPropertyIdentifier" executed="True" result="Success" success="True" time="0.002" asserts="1" />
                                </results>
                              </test-suite>
                            </results>
                          </test-suite>
                          <test-suite type="TestFixture" name="BindableObjectProviderAttributeTest" executed="True" result="Success" success="True" time="0.001" asserts="0">
                            <results>
                              <test-case name="Remotion.ObjectBinding.UnitTests.Core.BindableObject.BindableObjectProviderAttributeTest.Initialize" executed="True" result="Success" success="True" time="0.000" asserts="1" />
                            </results>
                          </test-suite>
                          <test-suite type="TestFixture" name="BindableObjectProviderTest" executed="True" result="Success" success="True" time="0.119" asserts="0">
                            <results>
                              <test-case name="Remotion.ObjectBinding.UnitTests.Core.BindableObject.BindableObjectProviderTest.GetBindableObjectClass" executed="True" result="Success" success="True" time="0.060" asserts="1" />
                              <test-case name="Remotion.ObjectBinding.UnitTests.Core.BindableObject.BindableObjectProviderTest.GetBindableObjectClass_SameTwice" executed="True" result="Success" success="True" time="0.003" asserts="1" />
                              <test-case name="Remotion.ObjectBinding.UnitTests.Core.BindableObject.BindableObjectProviderTest.GetBindableObjectClass_WithTypeDerivedFromBindableObjectBase" executed="True" result="Success" success="True" time="0.002" asserts="2" />
                              <test-case name="Remotion.ObjectBinding.UnitTests.Core.BindableObject.BindableObjectProviderTest.GetBindableObjectClass_WithTypeDerivedFromBindableObjectWithIdentityBase" executed="True" result="Success" success="True" time="0.002" asserts="2" />
                              <test-case name="Remotion.ObjectBinding.UnitTests.Core.BindableObject.BindableObjectProviderTest.GetBindableObjectClass_WithTypeNotUsingBindableObjectMixin" executed="True" result="Success" success="True" time="0.001" asserts="2" />
                              <test-case name="Remotion.ObjectBinding.UnitTests.Core.BindableObject.BindableObjectProviderTest.GetMetadataFactory_WithDefaultFactory" executed="True" result="Success" success="True" time="0.002" asserts="1" />
                              <test-case name="Remotion.ObjectBinding.UnitTests.Core.BindableObject.BindableObjectProviderTest.GetMetadataFactoryForType_WithCustomMetadataFactory" executed="True" result="Success" success="True" time="0.001" asserts="1" />
                              <test-case name="Remotion.ObjectBinding.UnitTests.Core.BindableObject.BindableObjectProviderTest.GetProviderForBindableObjectType" executed="True" result="Success" success="True" time="0.001" asserts="2" />
                              <test-case name="Remotion.ObjectBinding.UnitTests.Core.BindableObject.BindableObjectProviderTest.GetProviderForBindableObjectType_WithAttributeFromMixinOverridingAttributeInheritedFromBase" executed="True" result="Success" success="True" time="0.013" asserts="3" />
                              <test-case name="Remotion.ObjectBinding.UnitTests.Core.BindableObject.BindableObjectProviderTest.GetProviderForBindableObjectType_WithAttributeFromTypeOverridingAttributeFromInheritedMixin" executed="True" result="Success" success="True" time="0.008" asserts="3" />
                              <test-case name="Remotion.ObjectBinding.UnitTests.Core.BindableObject.BindableObjectProviderTest.GetProviderForBindableObjectType_WithAttributeFromTypeOverridingAttributeFromMixin" executed="True" result="Success" success="True" time="0.008" asserts="3" />
                              <test-case name="Remotion.ObjectBinding.UnitTests.Core.BindableObject.BindableObjectProviderTest.GetProviderForBindableObjectType_WithIdentityType" executed="True" result="Success" success="True" time="0.001" asserts="3" />
                              <test-case name="Remotion.ObjectBinding.UnitTests.Core.BindableObject.BindableObjectProviderTest.GetProviderForBindableObjectType_WithInvalidProviderType" executed="True" result="Success" success="True" time="0.001" asserts="0" />
                              <test-case name="Remotion.ObjectBinding.UnitTests.Core.BindableObject.BindableObjectProviderTest.GetProviderForBindableObjectType_WithMissingAttributeType" executed="True" result="Success" success="True" time="0.001" asserts="0" />
                              <test-case name="Remotion.ObjectBinding.UnitTests.Core.BindableObject.BindableObjectProviderTest.GetServiceFactory_WithDefaultFactory" executed="True" result="Success" success="True" time="0.000" asserts="1" />
                              <test-case name="Remotion.ObjectBinding.UnitTests.Core.BindableObject.BindableObjectProviderTest.GetServiceFactory_WithMixin" executed="True" result="Success" success="True" time="0.007" asserts="2" />
                              <test-case name="Remotion.ObjectBinding.UnitTests.Core.BindableObject.BindableObjectProviderTest.GetServiceFactoryForType_WithCustomServiceFactory" executed="True" result="Success" success="True" time="0.001" asserts="1" />
                              <test-case name="Remotion.ObjectBinding.UnitTests.Core.BindableObject.BindableObjectProviderTest.IsBindableObjectImplementation_False" executed="True" result="Success" success="True" time="0.000" asserts="2" />
                              <test-case name="Remotion.ObjectBinding.UnitTests.Core.BindableObject.BindableObjectProviderTest.IsBindableObjectImplementation_TrueWithBase" executed="True" result="Success" success="True" time="0.001" asserts="1" />
                              <test-case name="Remotion.ObjectBinding.UnitTests.Core.BindableObject.BindableObjectProviderTest.IsBindableObjectImplementation_TrueWithMixin_ConcreteType" executed="True" result="Success" success="True" time="0.001" asserts="1" />
                              <test-case name="Remotion.ObjectBinding.UnitTests.Core.BindableObject.BindableObjectProviderTest.IsBindableObjectImplementation_TrueWithMixin_TargetType" executed="True" result="Success" success="True" time="0.000" asserts="1" />
                            </results>
                          </test-suite>
                          <test-suite type="TestFixture" name="BindableObjectServiceFactoryTest" executed="True" result="Success" success="True" time="0.046" asserts="0">
                            <results>
                              <test-case name="Remotion.ObjectBinding.UnitTests.Core.BindableObject.BindableObjectServiceFactoryTest.GetService_FromIBindableObjectGlobalizationService" executed="True" result="Success" success="True" time="0.039" asserts="1" />
                              <test-case name="Remotion.ObjectBinding.UnitTests.Core.BindableObject.BindableObjectServiceFactoryTest.GetService_FromIBusinessObjectStringFormatterService" executed="True" result="Success" success="True" time="0.001" asserts="1" />
                              <test-case name="Remotion.ObjectBinding.UnitTests.Core.BindableObject.BindableObjectServiceFactoryTest.GetService_FromIGetObjectService" executed="True" result="Success" success="True" time="0.001" asserts="1" />
                              <test-case name="Remotion.ObjectBinding.UnitTests.Core.BindableObject.BindableObjectServiceFactoryTest.GetService_FromISearchAvailableObjectsService" executed="True" result="Success" success="True" time="0.000" asserts="1" />
                            </results>
                          </test-suite>
                          <test-suite type="TestFixture" name="BindableObjectWithIdentityBaseImplementationTest" executed="True" result="Success" success="True" time="0.013" asserts="0">
                            <results>
                              <test-case name="Remotion.ObjectBinding.UnitTests.Core.BindableObject.BindableObjectWithIdentityBaseImplementationTest.BaseDisplayName" executed="True" result="Success" success="True" time="0.003" asserts="1" />
                              <test-case name="Remotion.ObjectBinding.UnitTests.Core.BindableObject.BindableObjectWithIdentityBaseImplementationTest.Create" executed="True" result="Success" success="True" time="0.000" asserts="2" />
                              <test-case name="Remotion.ObjectBinding.UnitTests.Core.BindableObject.BindableObjectWithIdentityBaseImplementationTest.Deserialization" executed="True" result="Success" success="True" time="0.003" asserts="2" />
                              <test-case name="Remotion.ObjectBinding.UnitTests.Core.BindableObject.BindableObjectWithIdentityBaseImplementationTest.DisplayName_ViaImplementation_Default" executed="True" result="Success" success="True" time="0.001" asserts="1" />
                              <test-case name="Remotion.ObjectBinding.UnitTests.Core.BindableObject.BindableObjectWithIdentityBaseImplementationTest.DisplayName_ViaImplementation_Overridden" executed="True" result="Success" success="True" time="0.002" asserts="1" />
                              <test-case name="Remotion.ObjectBinding.UnitTests.Core.BindableObject.BindableObjectWithIdentityBaseImplementationTest.UniqueIdentifierViaImplementation" executed="True" result="Success" success="True" time="0.001" asserts="1" />
                            </results>
                          </test-suite>
                          <test-suite type="TestFixture" name="BindableObjectWithIdentityBaseIntegrationTest" executed="True" result="Success" success="True" time="0.020" asserts="0">
                            <results>
                              <test-case name="Remotion.ObjectBinding.UnitTests.Core.BindableObject.BindableObjectWithIdentityBaseIntegrationTest.BusinessObjectClass" executed="True" result="Success" success="True" time="0.002" asserts="4" />
                              <test-case name="Remotion.ObjectBinding.UnitTests.Core.BindableObject.BindableObjectWithIdentityBaseIntegrationTest.ClassDerivedFromBindableObjectWithIdentityBaseOverridingMixinMethod" executed="True" result="Success" success="True" time="0.009" asserts="3" />
                              <test-case name="Remotion.ObjectBinding.UnitTests.Core.BindableObject.BindableObjectWithIdentityBaseIntegrationTest.DisplayName_Default" executed="True" result="Success" success="True" time="0.001" asserts="1" />
                              <test-case name="Remotion.ObjectBinding.UnitTests.Core.BindableObject.BindableObjectWithIdentityBaseIntegrationTest.DisplayName_Overridden" executed="True" result="Success" success="True" time="0.001" asserts="1" />
                              <test-case name="Remotion.ObjectBinding.UnitTests.Core.BindableObject.BindableObjectWithIdentityBaseIntegrationTest.DisplayNameSafe_Default" executed="True" result="Success" success="True" time="0.001" asserts="1" />
                              <test-case name="Remotion.ObjectBinding.UnitTests.Core.BindableObject.BindableObjectWithIdentityBaseIntegrationTest.DisplayNameSafe_Overridden" executed="True" result="Success" success="True" time="0.001" asserts="1" />
                              <test-case name="Remotion.ObjectBinding.UnitTests.Core.BindableObject.BindableObjectWithIdentityBaseIntegrationTest.GetProperty" executed="True" result="Success" success="True" time="0.001" asserts="1" />
                              <test-case name="Remotion.ObjectBinding.UnitTests.Core.BindableObject.BindableObjectWithIdentityBaseIntegrationTest.GetProvider" executed="True" result="Success" success="True" time="0.001" asserts="2" />
                              <test-case name="Remotion.ObjectBinding.UnitTests.Core.BindableObject.BindableObjectWithIdentityBaseIntegrationTest.SetProperty" executed="True" result="Success" success="True" time="0.001" asserts="1" />
                              <test-case name="Remotion.ObjectBinding.UnitTests.Core.BindableObject.BindableObjectWithIdentityBaseIntegrationTest.UniqueIdentifier" executed="True" result="Success" success="True" time="0.001" asserts="1" />
                            </results>
                          </test-suite>
                          <test-suite type="TestFixture" name="BindableObjectWithIdentityBaseTest" executed="True" result="Success" success="True" time="0.016" asserts="0">
                            <results>
                              <test-case name="Remotion.ObjectBinding.UnitTests.Core.BindableObject.BindableObjectWithIdentityBaseTest.BindableObjectBaseClassAttribute" executed="True" result="Success" success="True" time="0.002" asserts="1" />
                              <test-case name="Remotion.ObjectBinding.UnitTests.Core.BindableObject.BindableObjectWithIdentityBaseTest.BindableObjectProviderAttribute" executed="True" result="Success" success="True" time="0.000" asserts="1" />
                              <test-case name="Remotion.ObjectBinding.UnitTests.Core.BindableObject.BindableObjectWithIdentityBaseTest.BusinessObjectClass" executed="True" result="Success" success="True" time="0.001" asserts="1" />
                              <test-case name="Remotion.ObjectBinding.UnitTests.Core.BindableObject.BindableObjectWithIdentityBaseTest.CreateImplementation" executed="True" result="Success" success="True" time="0.001" asserts="1" />
                              <test-case name="Remotion.ObjectBinding.UnitTests.Core.BindableObject.BindableObjectWithIdentityBaseTest.DisplayName" executed="True" result="Success" success="True" time="0.001" asserts="1" />
                              <test-case name="Remotion.ObjectBinding.UnitTests.Core.BindableObject.BindableObjectWithIdentityBaseTest.DisplayNameSafe" executed="True" result="Success" success="True" time="0.001" asserts="1" />
                              <test-case name="Remotion.ObjectBinding.UnitTests.Core.BindableObject.BindableObjectWithIdentityBaseTest.GetProperty" executed="True" result="Success" success="True" time="0.001" asserts="1" />
                              <test-case name="Remotion.ObjectBinding.UnitTests.Core.BindableObject.BindableObjectWithIdentityBaseTest.GetPropertyString" executed="True" result="Success" success="True" time="0.002" asserts="1" />
                              <test-case name="Remotion.ObjectBinding.UnitTests.Core.BindableObject.BindableObjectWithIdentityBaseTest.Implementation_IsInitialized" executed="True" result="Success" success="True" time="0.001" asserts="1" />
                              <test-case name="Remotion.ObjectBinding.UnitTests.Core.BindableObject.BindableObjectWithIdentityBaseTest.Serialization" executed="True" result="Success" success="True" time="0.001" asserts="1" />
                              <test-case name="Remotion.ObjectBinding.UnitTests.Core.BindableObject.BindableObjectWithIdentityBaseTest.SetProperty" executed="True" result="Success" success="True" time="0.001" asserts="0" />
                              <test-case name="Remotion.ObjectBinding.UnitTests.Core.BindableObject.BindableObjectWithIdentityBaseTest.UniqueIdentifier" executed="True" result="Success" success="True" time="0.001" asserts="1" />
                            </results>
                          </test-suite>
                          <test-suite type="TestFixture" name="BindableObjectWithIdentityMixinTest" executed="True" result="Success" success="True" time="0.039" asserts="0">
                            <results>
                              <test-case name="Remotion.ObjectBinding.UnitTests.Core.BindableObject.BindableObjectWithIdentityMixinTest.DisplayName" executed="True" result="Success" success="True" time="0.014" asserts="1" />
                              <test-case name="Remotion.ObjectBinding.UnitTests.Core.BindableObject.BindableObjectWithIdentityMixinTest.GetProvider" executed="True" result="Success" success="True" time="0.000" asserts="2" />
                              <test-case name="Remotion.ObjectBinding.UnitTests.Core.BindableObject.BindableObjectWithIdentityMixinTest.GetUniqueIdentifier" executed="True" result="Success" success="True" time="0.004" asserts="1" />
                              <test-case name="Remotion.ObjectBinding.UnitTests.Core.BindableObject.BindableObjectWithIdentityMixinTest.HasMixin" executed="True" result="Success" success="True" time="0.001" asserts="3" />
                              <test-case name="Remotion.ObjectBinding.UnitTests.Core.BindableObject.BindableObjectWithIdentityMixinTest.InstantiateMixedType" executed="True" result="Success" success="True" time="0.001" asserts="1" />
                              <test-case name="Remotion.ObjectBinding.UnitTests.Core.BindableObject.BindableObjectWithIdentityMixinTest.SerializeAndDeserialize" executed="True" result="Success" success="True" time="0.013" asserts="2" />
                              <test-case name="Remotion.ObjectBinding.UnitTests.Core.BindableObject.BindableObjectWithIdentityMixinTest.SerializeAndDeserialize_WithNewBindableObjectProvider" executed="True" result="Success" success="True" time="0.004" asserts="1" />
                            </results>
                          </test-suite>
                          <test-suite type="TestFixture" name="BooleanPropertyTest" executed="True" result="Success" success="True" time="0.136" asserts="0">
                            <results>
                              <test-case name="Remotion.ObjectBinding.UnitTests.Core.BindableObject.BooleanPropertyTest.GetDefaultValue_Array" executed="True" result="Success" success="True" time="0.022" asserts="2" />
                              <test-case name="Remotion.ObjectBinding.UnitTests.Core.BindableObject.BooleanPropertyTest.GetDefaultValue_NullableArray" executed="True" result="Success" success="True" time="0.005" asserts="2" />
                              <test-case name="Remotion.ObjectBinding.UnitTests.Core.BindableObject.BooleanPropertyTest.GetDefaultValue_NullableScalar" executed="True" result="Success" success="True" time="0.004" asserts="2" />
                              <test-case name="Remotion.ObjectBinding.UnitTests.Core.BindableObject.BooleanPropertyTest.GetDefaultValue_Scalar" executed="True" result="Success" success="True" time="0.004" asserts="2" />
                              <test-case name="Remotion.ObjectBinding.UnitTests.Core.BindableObject.BooleanPropertyTest.GetDisplayName_WithGlobalizationSerivce" executed="True" result="Success" success="True" time="0.040" asserts="2" />
                              <test-case name="Remotion.ObjectBinding.UnitTests.Core.BindableObject.BooleanPropertyTest.GetDisplayName_WithoutGlobalizationSerivce" executed="True" result="Success" success="True" time="0.008" asserts="3" />
                              <test-case name="Remotion.ObjectBinding.UnitTests.Core.BindableObject.BooleanPropertyTest.IBusinessObjectEnumerationProperty_GetAllValues" executed="True" result="Success" success="True" time="0.008" asserts="13" />
                              <test-case name="Remotion.ObjectBinding.UnitTests.Core.BindableObject.BooleanPropertyTest.IBusinessObjectEnumerationProperty_GetEnabledValues" executed="True" result="Success" success="True" time="0.005" asserts="13" />
                              <test-case name="Remotion.ObjectBinding.UnitTests.Core.BindableObject.BooleanPropertyTest.IBusinessObjectEnumerationProperty_GetValueInfoByIdentifier_WithEmptyString" executed="True" result="Success" success="True" time="0.007" asserts="2" />
                              <test-case name="Remotion.ObjectBinding.UnitTests.Core.BindableObject.BooleanPropertyTest.IBusinessObjectEnumerationProperty_GetValueInfoByIdentifier_WithFalse" executed="True" result="Success" success="True" time="0.004" asserts="6" />
                              <test-case name="Remotion.ObjectBinding.UnitTests.Core.BindableObject.BooleanPropertyTest.IBusinessObjectEnumerationProperty_GetValueInfoByIdentifier_WithNull" executed="True" result="Success" success="True" time="0.003" asserts="2" />
                              <test-case name="Remotion.ObjectBinding.UnitTests.Core.BindableObject.BooleanPropertyTest.IBusinessObjectEnumerationProperty_GetValueInfoByIdentifier_WithTrue" executed="True" result="Success" success="True" time="0.003" asserts="6" />
                              <test-case name="Remotion.ObjectBinding.UnitTests.Core.BindableObject.BooleanPropertyTest.IBusinessObjectEnumerationProperty_GetValueInfoByValue_WithFalse" executed="True" result="Success" success="True" time="0.004" asserts="6" />
                              <test-case name="Remotion.ObjectBinding.UnitTests.Core.BindableObject.BooleanPropertyTest.IBusinessObjectEnumerationProperty_GetValueInfoByValue_WithNull" executed="True" result="Success" success="True" time="0.003" asserts="2" />
                              <test-case name="Remotion.ObjectBinding.UnitTests.Core.BindableObject.BooleanPropertyTest.IBusinessObjectEnumerationProperty_GetValueInfoByValue_WithTrue" executed="True" result="Success" success="True" time="0.005" asserts="6" />
                            </results>
                          </test-suite>
                          <test-suite type="TestFixture" name="ClassReflectorTest" executed="True" result="Success" success="True" time="0.189" asserts="0">
                            <results>
                              <test-case name="Remotion.ObjectBinding.UnitTests.Core.BindableObject.ClassReflectorTest.ClassReflector_CreatesBaseClass_CompatibleWithDerivedInstances" executed="True" result="Success" success="True" time="0.021" asserts="1" />
                              <test-case name="Remotion.ObjectBinding.UnitTests.Core.BindableObject.ClassReflectorTest.ClassReflector_CreatesBaseClass_CompatibleWithDerivedInstances_WithMixins" executed="True" result="Success" success="True" time="0.020" asserts="2" />
                              <test-case name="Remotion.ObjectBinding.UnitTests.Core.BindableObject.ClassReflectorTest.ClassReflector_CreatesBaseClass_CompatibleWithDerivedInstances_WithMixins_WithMixedProperty" executed="True" result="Success" success="True" time="0.005" asserts="2" />
                              <test-case name="Remotion.ObjectBinding.UnitTests.Core.BindableObject.ClassReflectorTest.ClassReflector_CreatesBaseClass_CompatibleWithDerivedInstances_WithMixins_WithOverriddenProperty" executed="False" result="Ignored">
                                <reason>
                                  <message><![CDATA[TODO: COMMONS-936]]></message>
                                </reason>
                              </test-case>
                              <test-case name="Remotion.ObjectBinding.UnitTests.Core.BindableObject.ClassReflectorTest.GetMetadata" executed="True" result="Success" success="True" time="0.003" asserts="6" />
                              <test-case name="Remotion.ObjectBinding.UnitTests.Core.BindableObject.ClassReflectorTest.GetMetadata_ForBindableObjectWithIdentity" executed="True" result="Success" success="True" time="0.002" asserts="3" />
                              <test-case name="Remotion.ObjectBinding.UnitTests.Core.BindableObject.ClassReflectorTest.GetMetadata_ForBindableObjectWithManualIdentity" executed="True" result="Success" success="True" time="0.002" asserts="2" />
                              <test-case name="Remotion.ObjectBinding.UnitTests.Core.BindableObject.ClassReflectorTest.GetMetadata_ForMixedPropertyWithSameName" executed="True" result="Success" success="True" time="0.067" asserts="0" />
                              <test-case name="Remotion.ObjectBinding.UnitTests.Core.BindableObject.ClassReflectorTest.GetMetadata_UsesFactory" executed="True" result="Success" success="True" time="0.064" asserts="8" />
                              <test-case name="Remotion.ObjectBinding.UnitTests.Core.BindableObject.ClassReflectorTest.Initialize" executed="True" result="Success" success="True" time="0.001" asserts="4" />
                            </results>
                          </test-suite>
                          <test-suite type="TestFixture" name="CompositeEnumerationValueFilterTest" executed="True" result="Success" success="True" time="0.076" asserts="0">
                            <results>
                              <test-case name="Remotion.ObjectBinding.UnitTests.Core.BindableObject.CompositeEnumerationValueFilterTest.IsEnabled_False" executed="True" result="Success" success="True" time="0.071" asserts="1" />
                              <test-case name="Remotion.ObjectBinding.UnitTests.Core.BindableObject.CompositeEnumerationValueFilterTest.IsEnabled_False_SecondFilterFalse" executed="True" result="Success" success="True" time="0.001" asserts="1" />
                              <test-case name="Remotion.ObjectBinding.UnitTests.Core.BindableObject.CompositeEnumerationValueFilterTest.IsEnabled_NullBusinessObject" executed="True" result="Success" success="True" time="0.001" asserts="1" />
                              <test-case name="Remotion.ObjectBinding.UnitTests.Core.BindableObject.CompositeEnumerationValueFilterTest.IsEnabled_True" executed="True" result="Success" success="True" time="0.001" asserts="1" />
                              <test-case name="Remotion.ObjectBinding.UnitTests.Core.BindableObject.CompositeEnumerationValueFilterTest.IsEnabled_True_WithTrueFilter" executed="True" result="Success" success="True" time="0.002" asserts="1" />
                            </results>
                          </test-suite>
                          <test-suite type="TestFixture" name="ConstantEnumerationValueFilterTest" executed="True" result="Success" success="True" time="0.006" asserts="0">
                            <results>
                              <test-case name="Remotion.ObjectBinding.UnitTests.Core.BindableObject.ConstantEnumerationValueFilterTest.Initialize" executed="True" result="Success" success="True" time="0.001" asserts="1" />
                              <test-case name="Remotion.ObjectBinding.UnitTests.Core.BindableObject.ConstantEnumerationValueFilterTest.Initialize_WithMismatchedEnumValues" executed="True" result="Success" success="True" time="0.001" asserts="0" />
                              <test-case name="Remotion.ObjectBinding.UnitTests.Core.BindableObject.ConstantEnumerationValueFilterTest.IsEnabled_WithFalse" executed="True" result="Success" success="True" time="0.003" asserts="1" />
                              <test-case name="Remotion.ObjectBinding.UnitTests.Core.BindableObject.ConstantEnumerationValueFilterTest.IsEnabled_WithTrue" executed="True" result="Success" success="True" time="0.001" asserts="1" />
                            </results>
                          </test-suite>
                          <test-suite type="TestFixture" name="DateTimePropertyTest" executed="True" result="Success" success="True" time="0.003" asserts="0">
                            <results>
                              <test-case name="Remotion.ObjectBinding.UnitTests.Core.BindableObject.DateTimePropertyTest.Initialize_DateProperty" executed="True" result="Success" success="True" time="0.002" asserts="2" />
                              <test-case name="Remotion.ObjectBinding.UnitTests.Core.BindableObject.DateTimePropertyTest.Initialize_DateTimeProperty" executed="True" result="Success" success="True" time="0.001" asserts="2" />
                            </results>
                          </test-suite>
                          <test-suite type="TestFixture" name="DisabledIdentifiersEnumerationFilterTest" executed="True" result="Success" success="True" time="0.003" asserts="0">
                            <results>
                              <test-case name="Remotion.ObjectBinding.UnitTests.Core.BindableObject.DisabledIdentifiersEnumerationFilterTest.IsEnabled_False" executed="True" result="Success" success="True" time="0.002" asserts="2" />
                              <test-case name="Remotion.ObjectBinding.UnitTests.Core.BindableObject.DisabledIdentifiersEnumerationFilterTest.IsEnabled_NullBusinessObject" executed="True" result="Success" success="True" time="0.000" asserts="1" />
                              <test-case name="Remotion.ObjectBinding.UnitTests.Core.BindableObject.DisabledIdentifiersEnumerationFilterTest.IsEnabled_True" executed="True" result="Success" success="True" time="0.001" asserts="2" />
                            </results>
                          </test-suite>
                          <test-suite type="TestFixture" name="DisableEnumValuesAttributeTest" executed="True" result="Success" success="True" time="0.007" asserts="0">
                            <results>
                              <test-case name="Remotion.ObjectBinding.UnitTests.Core.BindableObject.DisableEnumValuesAttributeTest.GetEnumerationValueFilter_FromEnumValueCtorWithArray" executed="True" result="Success" success="True" time="0.001" asserts="2" />
                              <test-case name="Remotion.ObjectBinding.UnitTests.Core.BindableObject.DisableEnumValuesAttributeTest.GetEnumerationValueFilter_FromEnumValueCtorWithFiveParameters" executed="True" result="Success" success="True" time="0.001" asserts="2" />
                              <test-case name="Remotion.ObjectBinding.UnitTests.Core.BindableObject.DisableEnumValuesAttributeTest.GetEnumerationValueFilter_FromEnumValueCtorWithFourParameters" executed="True" result="Success" success="True" time="0.001" asserts="2" />
                              <test-case name="Remotion.ObjectBinding.UnitTests.Core.BindableObject.DisableEnumValuesAttributeTest.GetEnumerationValueFilter_FromEnumValueCtorWithOneParameter" executed="True" result="Success" success="True" time="0.000" asserts="2" />
                              <test-case name="Remotion.ObjectBinding.UnitTests.Core.BindableObject.DisableEnumValuesAttributeTest.GetEnumerationValueFilter_FromEnumValueCtorWithThreeParameters" executed="True" result="Success" success="True" time="0.001" asserts="2" />
                              <test-case name="Remotion.ObjectBinding.UnitTests.Core.BindableObject.DisableEnumValuesAttributeTest.GetEnumerationValueFilter_FromEnumValueCtorWithTwoParameters" executed="True" result="Success" success="True" time="0.001" asserts="2" />
                              <test-case name="Remotion.ObjectBinding.UnitTests.Core.BindableObject.DisableEnumValuesAttributeTest.GetEnumerationValueFilter_FromFilterTypeCtor" executed="True" result="Success" success="True" time="0.001" asserts="1" />
                            </results>
                          </test-suite>
                          <test-suite type="TestFixture" name="DisableExtensibleEnumValuesAttributeTest" executed="True" result="Success" success="True" time="0.009" asserts="0">
                            <results>
                              <test-case name="Remotion.ObjectBinding.UnitTests.Core.BindableObject.DisableExtensibleEnumValuesAttributeTest.GetEnumerationValueFilter_FromEnumValueCtorWithArray" executed="True" result="Success" success="True" time="0.001" asserts="2" />
                              <test-case name="Remotion.ObjectBinding.UnitTests.Core.BindableObject.DisableExtensibleEnumValuesAttributeTest.GetEnumerationValueFilter_FromEnumValueCtorWithItems_1" executed="True" result="Success" success="True" time="0.000" asserts="2" />
                              <test-case name="Remotion.ObjectBinding.UnitTests.Core.BindableObject.DisableExtensibleEnumValuesAttributeTest.GetEnumerationValueFilter_FromEnumValueCtorWithItems_2" executed="True" result="Success" success="True" time="0.001" asserts="2" />
                              <test-case name="Remotion.ObjectBinding.UnitTests.Core.BindableObject.DisableExtensibleEnumValuesAttributeTest.GetEnumerationValueFilter_FromEnumValueCtorWithItems_3" executed="True" result="Success" success="True" time="0.001" asserts="2" />
                              <test-case name="Remotion.ObjectBinding.UnitTests.Core.BindableObject.DisableExtensibleEnumValuesAttributeTest.GetEnumerationValueFilter_FromEnumValueCtorWithItems_4" executed="True" result="Success" success="True" time="0.001" asserts="2" />
                              <test-case name="Remotion.ObjectBinding.UnitTests.Core.BindableObject.DisableExtensibleEnumValuesAttributeTest.GetEnumerationValueFilter_FromEnumValueCtorWithItems_5" executed="True" result="Success" success="True" time="0.001" asserts="2" />
                              <test-case name="Remotion.ObjectBinding.UnitTests.Core.BindableObject.DisableExtensibleEnumValuesAttributeTest.GetEnumerationValueFilter_FromFilterTypeCtor" executed="True" result="Success" success="True" time="0.003" asserts="1" />
                            </results>
                          </test-suite>
                          <test-suite type="Namespace" name="EnumerationPropertyTests" executed="True" result="Success" success="True" time="0.067" asserts="0">
                            <results>
                              <test-suite type="TestFixture" name="Common" executed="True" result="Success" success="True" time="0.006" asserts="0">
                                <results>
                                  <test-case name="Remotion.ObjectBinding.UnitTests.Core.BindableObject.EnumerationPropertyTests.Common.Initialize_FlagsEnum" executed="True" result="Success" success="True" time="0.003" asserts="1" />
                                  <test-case name="Remotion.ObjectBinding.UnitTests.Core.BindableObject.EnumerationPropertyTests.Common.Initialize_NullableWithUndefinedValue" executed="True" result="Success" success="True" time="0.001" asserts="1" />
                                  <test-case name="Remotion.ObjectBinding.UnitTests.Core.BindableObject.EnumerationPropertyTests.Common.Initialize_WithUndefinedEnumValueFromOtherType" executed="True" result="Success" success="True" time="0.002" asserts="1" />
                                </results>
                              </test-suite>
                              <test-suite type="TestFixture" name="ConvertFromNativePropertyType" executed="True" result="Success" success="True" time="0.006" asserts="0">
                                <results>
                                  <test-case name="Remotion.ObjectBinding.UnitTests.Core.BindableObject.EnumerationPropertyTests.ConvertFromNativePropertyType.EnumValueFromOtherType" executed="True" result="Success" success="True" time="0.002" asserts="2" />
                                  <test-case name="Remotion.ObjectBinding.UnitTests.Core.BindableObject.EnumerationPropertyTests.ConvertFromNativePropertyType.InvalidEnumValue" executed="True" result="Success" success="True" time="0.001" asserts="2" />
                                  <test-case name="Remotion.ObjectBinding.UnitTests.Core.BindableObject.EnumerationPropertyTests.ConvertFromNativePropertyType.Null" executed="True" result="Success" success="True" time="0.001" asserts="2" />
                                  <test-case name="Remotion.ObjectBinding.UnitTests.Core.BindableObject.EnumerationPropertyTests.ConvertFromNativePropertyType.UndefinedValue" executed="True" result="Success" success="True" time="0.001" asserts="2" />
                                  <test-case name="Remotion.ObjectBinding.UnitTests.Core.BindableObject.EnumerationPropertyTests.ConvertFromNativePropertyType.ValidValue" executed="True" result="Success" success="True" time="0.001" asserts="2" />
                                </results>
                              </test-suite>
                              <test-suite type="TestFixture" name="ConvertToNativePropertyType" executed="True" result="Success" success="True" time="0.006" asserts="0">
                                <results>
                                  <test-case name="Remotion.ObjectBinding.UnitTests.Core.BindableObject.EnumerationPropertyTests.ConvertToNativePropertyType.EnumValueFromOtherType" executed="True" result="Success" success="True" time="0.002" asserts="2" />
                                  <test-case name="Remotion.ObjectBinding.UnitTests.Core.BindableObject.EnumerationPropertyTests.ConvertToNativePropertyType.InvalidEnumValue" executed="True" result="Success" success="True" time="0.001" asserts="2" />
                                  <test-case name="Remotion.ObjectBinding.UnitTests.Core.BindableObject.EnumerationPropertyTests.ConvertToNativePropertyType.Null" executed="True" result="Success" success="True" time="0.000" asserts="2" />
                                  <test-case name="Remotion.ObjectBinding.UnitTests.Core.BindableObject.EnumerationPropertyTests.ConvertToNativePropertyType.UndefinedValue" executed="True" result="Success" success="True" time="0.001" asserts="2" />
                                  <test-case name="Remotion.ObjectBinding.UnitTests.Core.BindableObject.EnumerationPropertyTests.ConvertToNativePropertyType.ValidValue" executed="True" result="Success" success="True" time="0.001" asserts="2" />
                                </results>
                              </test-suite>
                              <test-suite type="TestFixture" name="GetAllValues" executed="True" result="Success" success="True" time="0.010" asserts="0">
                                <results>
                                  <test-case name="Remotion.ObjectBinding.UnitTests.Core.BindableObject.EnumerationPropertyTests.GetAllValues.Enum" executed="True" result="Success" success="True" time="0.006" asserts="28" />
                                  <test-case name="Remotion.ObjectBinding.UnitTests.Core.BindableObject.EnumerationPropertyTests.GetAllValues.NullableEnum" executed="True" result="Success" success="True" time="0.001" asserts="28" />
                                  <test-case name="Remotion.ObjectBinding.UnitTests.Core.BindableObject.EnumerationPropertyTests.GetAllValues.UndefinedValueEnum" executed="True" result="Success" success="True" time="0.002" asserts="18" />
                                </results>
                              </test-suite>
                              <test-suite type="TestFixture" name="GetEnabledValues" executed="True" result="Success" success="True" time="0.007" asserts="0">
                                <results>
                                  <test-case name="Remotion.ObjectBinding.UnitTests.Core.BindableObject.EnumerationPropertyTests.GetEnabledValues.DisableFromProperty" executed="True" result="Success" success="True" time="0.003" asserts="23" />
                                  <test-case name="Remotion.ObjectBinding.UnitTests.Core.BindableObject.EnumerationPropertyTests.GetEnabledValues.DisableFromPropertyType" executed="True" result="Success" success="True" time="0.001" asserts="23" />
                                  <test-case name="Remotion.ObjectBinding.UnitTests.Core.BindableObject.EnumerationPropertyTests.GetEnabledValues.DisableWithBusinessObject" executed="True" result="Success" success="True" time="0.003" asserts="18" />
                                </results>
                              </test-suite>
                              <test-suite type="TestFixture" name="GetValueInfoByIdentifier" executed="True" result="Success" success="True" time="0.013" asserts="0">
                                <results>
                                  <test-case name="Remotion.ObjectBinding.UnitTests.Core.BindableObject.EnumerationPropertyTests.GetValueInfoByIdentifier.Empty" executed="True" result="Success" success="True" time="0.002" asserts="2" />
                                  <test-case name="Remotion.ObjectBinding.UnitTests.Core.BindableObject.EnumerationPropertyTests.GetValueInfoByIdentifier.GetDisplayNameFromGlobalizationSerivce" executed="True" result="Success" success="True" time="0.006" asserts="6" />
                                  <test-case name="Remotion.ObjectBinding.UnitTests.Core.BindableObject.EnumerationPropertyTests.GetValueInfoByIdentifier.InvalidIdentifier" executed="True" result="Success" success="True" time="0.002" asserts="1" />
                                  <test-case name="Remotion.ObjectBinding.UnitTests.Core.BindableObject.EnumerationPropertyTests.GetValueInfoByIdentifier.Null" executed="True" result="Success" success="True" time="0.001" asserts="2" />
                                  <test-case name="Remotion.ObjectBinding.UnitTests.Core.BindableObject.EnumerationPropertyTests.GetValueInfoByIdentifier.UndefinedEnumValue" executed="True" result="Success" success="True" time="0.001" asserts="2" />
                                  <test-case name="Remotion.ObjectBinding.UnitTests.Core.BindableObject.EnumerationPropertyTests.GetValueInfoByIdentifier.ValidEnumValue" executed="True" result="Success" success="True" time="0.001" asserts="6" />
                                </results>
                              </test-suite>
                              <test-suite type="TestFixture" name="GetValueInfoByValue" executed="True" result="Success" success="True" time="0.013" asserts="0">
                                <results>
                                  <test-case name="Remotion.ObjectBinding.UnitTests.Core.BindableObject.EnumerationPropertyTests.GetValueInfoByValue.DisabledEnumValue" executed="True" result="Success" success="True" time="0.002" asserts="6" />
                                  <test-case name="Remotion.ObjectBinding.UnitTests.Core.BindableObject.EnumerationPropertyTests.GetValueInfoByValue.EnumValueFromOtherType" executed="True" result="Success" success="True" time="0.002" asserts="1" />
                                  <test-case name="Remotion.ObjectBinding.UnitTests.Core.BindableObject.EnumerationPropertyTests.GetValueInfoByValue.GetDisplayNameFromGlobalizationSerivce" executed="True" result="Success" success="True" time="0.002" asserts="6" />
                                  <test-case name="Remotion.ObjectBinding.UnitTests.Core.BindableObject.EnumerationPropertyTests.GetValueInfoByValue.InvalidEnumValue" executed="True" result="Success" success="True" time="0.002" asserts="6" />
                                  <test-case name="Remotion.ObjectBinding.UnitTests.Core.BindableObject.EnumerationPropertyTests.GetValueInfoByValue.Null" executed="True" result="Success" success="True" time="0.001" asserts="2" />
                                  <test-case name="Remotion.ObjectBinding.UnitTests.Core.BindableObject.EnumerationPropertyTests.GetValueInfoByValue.UndefinedEnumValue" executed="True" result="Success" success="True" time="0.001" asserts="2" />
                                  <test-case name="Remotion.ObjectBinding.UnitTests.Core.BindableObject.EnumerationPropertyTests.GetValueInfoByValue.ValidEnumValue" executed="True" result="Success" success="True" time="0.002" asserts="6" />
                                </results>
                              </test-suite>
                            </results>
                          </test-suite>
                          <test-suite type="TestFixture" name="EnumValueFilterProviderTest" executed="True" result="Success" success="True" time="0.056" asserts="0">
                            <results>
                              <test-case name="Remotion.ObjectBinding.UnitTests.Core.BindableObject.EnumValueFilterProviderTest.GetEnumerationValueFilter_FromAttributeProvider" executed="True" result="Success" success="True" time="0.005" asserts="2" />
                              <test-case name="Remotion.ObjectBinding.UnitTests.Core.BindableObject.EnumValueFilterProviderTest.GetEnumerationValueFilter_FromAttributeProvider_IntegrationTestWithNullablePropertyType" executed="True" result="Success" success="True" time="0.002" asserts="2" />
                              <test-case name="Remotion.ObjectBinding.UnitTests.Core.BindableObject.EnumValueFilterProviderTest.GetEnumerationValueFilter_FromAttributeProvider_IntegrationTestWithPropertyType" executed="True" result="Success" success="True" time="0.001" asserts="2" />
                              <test-case name="Remotion.ObjectBinding.UnitTests.Core.BindableObject.EnumValueFilterProviderTest.GetEnumerationValueFilter_FromAttributeProvider_Multiple" executed="True" result="Success" success="True" time="0.035" asserts="5" />
                              <test-case name="Remotion.ObjectBinding.UnitTests.Core.BindableObject.EnumValueFilterProviderTest.GetEnumerationValueFilter_FromAttributeProvider_WithNullableProperty" executed="True" result="Success" success="True" time="0.002" asserts="2" />
                              <test-case name="Remotion.ObjectBinding.UnitTests.Core.BindableObject.EnumValueFilterProviderTest.GetEnumerationValueFilter_FromPropertyInformation" executed="True" result="Success" success="True" time="0.006" asserts="1" />
                              <test-case name="Remotion.ObjectBinding.UnitTests.Core.BindableObject.EnumValueFilterProviderTest.GetEnumerationValueFilter_FromPropertyInformation_IntegrationTestWithNullableProperty" executed="True" result="Success" success="True" time="0.001" asserts="2" />
[...]
                                          <test-case name="Remotion.ObjectBinding.UnitTests.Web.UI.Controls.BocTextValueImplementation.Rendering.BocMultilineTextValueRendererTest.RenderMultiLineReadonly" executed="True" result="Success" success="True" time="0.013" asserts="30" />
                                          <test-case name="Remotion.ObjectBinding.UnitTests.Web.UI.Controls.BocTextValueImplementation.Rendering.BocMultilineTextValueRendererTest.RenderMultiLineReadonlyWithStyle" executed="True" result="Success" success="True" time="0.009" asserts="32" />
                                          <test-case name="Remotion.ObjectBinding.UnitTests.Web.UI.Controls.BocTextValueImplementation.Rendering.BocMultilineTextValueRendererTest.RenderMultiLineReadonlyWithStyleAndCssClass" executed="True" result="Success" success="True" time="0.009" asserts="32" />
                                          <test-case name="Remotion.ObjectBinding.UnitTests.Web.UI.Controls.BocTextValueImplementation.Rendering.BocMultilineTextValueRendererTest.RenderMultiLineReadonlyWithStyleAndCssClassInStandardProperties" executed="True" result="Success" success="True" time="0.006" asserts="32" />
                                          <test-case name="Remotion.ObjectBinding.UnitTests.Web.UI.Controls.BocTextValueImplementation.Rendering.BocMultilineTextValueRendererTest.RenderMultiLineReadonlyWithStyleInStandardProperties" executed="True" result="Success" success="True" time="0.006" asserts="32" />
                                        </results>
                                      </test-suite>
                                      <test-suite type="TestFixture" name="BocTextValueRendererTest" executed="True" result="Success" success="True" time="0.189" asserts="0">
                                        <results>
                                          <test-case name="Remotion.ObjectBinding.UnitTests.Web.UI.Controls.BocTextValueImplementation.Rendering.BocTextValueRendererTest.RenderMultiLineReadonly" executed="True" result="Success" success="True" time="0.014" asserts="30" />
                                          <test-case name="Remotion.ObjectBinding.UnitTests.Web.UI.Controls.BocTextValueImplementation.Rendering.BocTextValueRendererTest.RenderMultiLineReadonlyWithStyle" executed="True" result="Success" success="True" time="0.006" asserts="36" />
                                          <test-case name="Remotion.ObjectBinding.UnitTests.Web.UI.Controls.BocTextValueImplementation.Rendering.BocTextValueRendererTest.RenderMultiLineReadonlyWithStyleAndCssClass" executed="True" result="Success" success="True" time="0.006" asserts="36" />
                                          <test-case name="Remotion.ObjectBinding.UnitTests.Web.UI.Controls.BocTextValueImplementation.Rendering.BocTextValueRendererTest.RenderMultiLineReadonlyWithStyleAndCssClassInStandardProperties" executed="True" result="Success" success="True" time="0.006" asserts="36" />
                                          <test-case name="Remotion.ObjectBinding.UnitTests.Web.UI.Controls.BocTextValueImplementation.Rendering.BocTextValueRendererTest.RenderMultiLineReadonlyWithStyleInStandardProperties" executed="True" result="Success" success="True" time="0.005" asserts="36" />
                                          <test-case name="Remotion.ObjectBinding.UnitTests.Web.UI.Controls.BocTextValueImplementation.Rendering.BocTextValueRendererTest.RenderSingleLineDisabled" executed="True" result="Success" success="True" time="0.008" asserts="26" />
                                          <test-case name="Remotion.ObjectBinding.UnitTests.Web.UI.Controls.BocTextValueImplementation.Rendering.BocTextValueRendererTest.RenderSingleLineDisabledWithStyle" executed="True" result="Success" success="True" time="0.006" asserts="32" />
                                          <test-case name="Remotion.ObjectBinding.UnitTests.Web.UI.Controls.BocTextValueImplementation.Rendering.BocTextValueRendererTest.RenderSingleLineDisabledWithStyleAndCssClass" executed="True" result="Success" success="True" time="0.013" asserts="32" />
                                          <test-case name="Remotion.ObjectBinding.UnitTests.Web.UI.Controls.BocTextValueImplementation.Rendering.BocTextValueRendererTest.RenderSingleLineDisabledWithStyleAndCssClassInStandardProperties" executed="True" result="Success" success="True" time="0.006" asserts="32" />
                                          <test-case name="Remotion.ObjectBinding.UnitTests.Web.UI.Controls.BocTextValueImplementation.Rendering.BocTextValueRendererTest.RenderSingleLineDisabledWithStyleInStandardProperties" executed="True" result="Success" success="True" time="0.011" asserts="32" />
                                          <test-case name="Remotion.ObjectBinding.UnitTests.Web.UI.Controls.BocTextValueImplementation.Rendering.BocTextValueRendererTest.RenderSingleLineEditabaleAutoPostback" executed="True" result="Success" success="True" time="0.010" asserts="24" />
                                          <test-case name="Remotion.ObjectBinding.UnitTests.Web.UI.Controls.BocTextValueImplementation.Rendering.BocTextValueRendererTest.RenderSingleLineEditable" executed="True" result="Success" success="True" time="0.010" asserts="22" />
                                          <test-case name="Remotion.ObjectBinding.UnitTests.Web.UI.Controls.BocTextValueImplementation.Rendering.BocTextValueRendererTest.RenderSingleLineEditableWithStyle" executed="True" result="Success" success="True" time="0.011" asserts="28" />
                                          <test-case name="Remotion.ObjectBinding.UnitTests.Web.UI.Controls.BocTextValueImplementation.Rendering.BocTextValueRendererTest.RenderSingleLineEditableWithStyleAndCssClass" executed="True" result="Success" success="True" time="0.011" asserts="28" />
                                          <test-case name="Remotion.ObjectBinding.UnitTests.Web.UI.Controls.BocTextValueImplementation.Rendering.BocTextValueRendererTest.RenderSingleLineEditableWithStyleAndCssClassInStandardProperties" executed="True" result="Success" success="True" time="0.011" asserts="28" />
                                          <test-case name="Remotion.ObjectBinding.UnitTests.Web.UI.Controls.BocTextValueImplementation.Rendering.BocTextValueRendererTest.RenderSingleLineEditableWithStyleInStandardProperties" executed="True" result="Success" success="True" time="0.008" asserts="28" />
                                          <test-case name="Remotion.ObjectBinding.UnitTests.Web.UI.Controls.BocTextValueImplementation.Rendering.BocTextValueRendererTest.RenderSingleLineReadonly" executed="True" result="Success" success="True" time="0.013" asserts="23" />
                                          <test-case name="Remotion.ObjectBinding.UnitTests.Web.UI.Controls.BocTextValueImplementation.Rendering.BocTextValueRendererTest.RenderSingleLineReadonlyWithStyle" executed="True" result="Success" success="True" time="0.009" asserts="29" />
                                          <test-case name="Remotion.ObjectBinding.UnitTests.Web.UI.Controls.BocTextValueImplementation.Rendering.BocTextValueRendererTest.RenderSingleLineReadonlyWithStyleAndCssClass" executed="True" result="Success" success="True" time="0.006" asserts="29" />
                                          <test-case name="Remotion.ObjectBinding.UnitTests.Web.UI.Controls.BocTextValueImplementation.Rendering.BocTextValueRendererTest.RenderSingleLineReadonlyWithStyleAndCssClassInStandardProperties" executed="True" result="Success" success="True" time="0.006" asserts="29" />
                                          <test-case name="Remotion.ObjectBinding.UnitTests.Web.UI.Controls.BocTextValueImplementation.Rendering.BocTextValueRendererTest.RenderSingleLineReadonlyWithStyleInStandardProperties" executed="True" result="Success" success="True" time="0.005" asserts="29" />
                                        </results>
                                      </test-suite>
                                      <test-suite type="TestFixture" name="IBocMultilineTextValueRendererTest" executed="True" result="Success" success="True" time="0.006" asserts="0">
                                        <results>
                                          <test-case name="Remotion.ObjectBinding.UnitTests.Web.UI.Controls.BocTextValueImplementation.Rendering.IBocMultilineTextValueRendererTest.GetInstance_Once" executed="True" result="Success" success="True" time="0.003" asserts="2" />
                                          <test-case name="Remotion.ObjectBinding.UnitTests.Web.UI.Controls.BocTextValueImplementation.Rendering.IBocMultilineTextValueRendererTest.GetInstance_Twice_ReturnsSameInstance" executed="True" result="Success" success="True" time="0.002" asserts="1" />
                                        </results>
                                      </test-suite>
                                      <test-suite type="TestFixture" name="IBocTextValueRendererTest" executed="True" result="Success" success="True" time="0.005" asserts="0">
                                        <results>
                                          <test-case name="Remotion.ObjectBinding.UnitTests.Web.UI.Controls.BocTextValueImplementation.Rendering.IBocTextValueRendererTest.GetInstance_Once" executed="True" result="Success" success="True" time="0.002" asserts="2" />
                                          <test-case name="Remotion.ObjectBinding.UnitTests.Web.UI.Controls.BocTextValueImplementation.Rendering.IBocTextValueRendererTest.GetInstance_Twice_ReturnsSameInstance" executed="True" result="Success" success="True" time="0.002" asserts="1" />
                                        </results>
                                      </test-suite>
                                    </results>
                                  </test-suite>
                                </results>
                              </test-suite>
                              <test-suite type="Namespace" name="BocTextValueTests" executed="True" result="Success" success="True" time="0.041" asserts="0">
                                <results>
                                  <test-suite type="TestFixture" name="AllDataTypes" executed="True" result="Success" success="True" time="0.026" asserts="0">
                                    <results>
                                      <test-case name="Remotion.ObjectBinding.UnitTests.Web.UI.Controls.BocTextValueTests.AllDataTypes.LoadAndSaveValue_WithByte" executed="True" result="Success" success="True" time="0.007" asserts="6" />
                                      <test-case name="Remotion.ObjectBinding.UnitTests.Web.UI.Controls.BocTextValueTests.AllDataTypes.LoadAndSaveValue_WithDate" executed="True" result="Success" success="True" time="0.002" asserts="6" />
                                      <test-case name="Remotion.ObjectBinding.UnitTests.Web.UI.Controls.BocTextValueTests.AllDataTypes.LoadAndSaveValue_WithDateTime" executed="True" result="Success" success="True" time="0.002" asserts="6" />
                                      <test-case name="Remotion.ObjectBinding.UnitTests.Web.UI.Controls.BocTextValueTests.AllDataTypes.LoadAndSaveValue_WithDecimal" executed="True" result="Success" success="True" time="0.003" asserts="6" />
                                      <test-case name="Remotion.ObjectBinding.UnitTests.Web.UI.Controls.BocTextValueTests.AllDataTypes.LoadAndSaveValue_WithDouble" executed="True" result="Success" success="True" time="0.003" asserts="6" />
                                      <test-case name="Remotion.ObjectBinding.UnitTests.Web.UI.Controls.BocTextValueTests.AllDataTypes.LoadAndSaveValue_WithInt16" executed="True" result="Success" success="True" time="0.002" asserts="6" />
                                      <test-case name="Remotion.ObjectBinding.UnitTests.Web.UI.Controls.BocTextValueTests.AllDataTypes.LoadAndSaveValue_WithInt32" executed="True" result="Success" success="True" time="0.001" asserts="6" />
                                      <test-case name="Remotion.ObjectBinding.UnitTests.Web.UI.Controls.BocTextValueTests.AllDataTypes.LoadAndSaveValue_WithInt64" executed="True" result="Success" success="True" time="0.002" asserts="6" />
                                      <test-case name="Remotion.ObjectBinding.UnitTests.Web.UI.Controls.BocTextValueTests.AllDataTypes.LoadAndSaveValue_WithSingle" executed="True" result="Success" success="True" time="0.002" asserts="6" />
                                      <test-case name="Remotion.ObjectBinding.UnitTests.Web.UI.Controls.BocTextValueTests.AllDataTypes.LoadAndSaveValue_WithString" executed="True" result="Success" success="True" time="0.002" asserts="6" />
                                    </results>
                                  </test-suite>
                                  <test-suite type="TestFixture" name="Common" executed="True" result="Success" success="True" time="0.013" asserts="0">
                                    <results>
                                      <test-case name="Remotion.ObjectBinding.UnitTests.Web.UI.Controls.BocTextValueTests.Common.EvaluateWaiConformityDebugLevelAWithTextBoxStyleAutoPostBackTrue" executed="True" result="Success" success="True" time="0.001" asserts="4" />
                                      <test-case name="Remotion.ObjectBinding.UnitTests.Web.UI.Controls.BocTextValueTests.Common.EvaluateWaiConformityDebugLevelUndefined" executed="True" result="Success" success="True" time="0.001" asserts="2" />
                                      <test-case name="Remotion.ObjectBinding.UnitTests.Web.UI.Controls.BocTextValueTests.Common.EvaluateWaiConformityLevelA" executed="True" result="Success" success="True" time="0.000" asserts="2" />
                                      <test-case name="Remotion.ObjectBinding.UnitTests.Web.UI.Controls.BocTextValueTests.Common.GetTrackedClientIDsInEditMode" executed="True" result="Success" success="True" time="0.001" asserts="3" />
                                      <test-case name="Remotion.ObjectBinding.UnitTests.Web.UI.Controls.BocTextValueTests.Common.GetTrackedClientIDsInReadOnlyMode" executed="True" result="Success" success="True" time="0.001" asserts="2" />
                                      <test-case name="Remotion.ObjectBinding.UnitTests.Web.UI.Controls.BocTextValueTests.Common.LoadUnboundValueAndInterimFalseWithNull" executed="True" result="Success" success="True" time="0.001" asserts="2" />
                                      <test-case name="Remotion.ObjectBinding.UnitTests.Web.UI.Controls.BocTextValueTests.Common.LoadUnboundValueAndInterimFalseWithString" executed="True" result="Success" success="True" time="0.000" asserts="2" />
                                      <test-case name="Remotion.ObjectBinding.UnitTests.Web.UI.Controls.BocTextValueTests.Common.LoadUnboundValueAndInterimTrue" executed="True" result="Success" success="True" time="0.001" asserts="2" />
                                      <test-case name="Remotion.ObjectBinding.UnitTests.Web.UI.Controls.BocTextValueTests.Common.LoadValueAndInterimFalseWithNull" executed="True" result="Success" success="True" time="0.001" asserts="2" />
                                      <test-case name="Remotion.ObjectBinding.UnitTests.Web.UI.Controls.BocTextValueTests.Common.LoadValueAndInterimFalseWithString" executed="True" result="Success" success="True" time="0.000" asserts="2" />
                                      <test-case name="Remotion.ObjectBinding.UnitTests.Web.UI.Controls.BocTextValueTests.Common.LoadValueAndInterimTrue" executed="True" result="Success" success="True" time="0.001" asserts="2" />
                                      <test-case name="Remotion.ObjectBinding.UnitTests.Web.UI.Controls.BocTextValueTests.Common.SetValueToNull" executed="True" result="Success" success="True" time="0.001" asserts="2" />
                                      <test-case name="Remotion.ObjectBinding.UnitTests.Web.UI.Controls.BocTextValueTests.Common.SetValueToString" executed="True" result="Success" success="True" time="0.001" asserts="2" />
                                    </results>
                                  </test-suite>
                                </results>
                              </test-suite>
                              <test-suite type="TestFixture" name="BocTreeViewTest" executed="True" result="Success" success="True" time="0.014" asserts="0">
                                <results>
                                  <test-case name="Remotion.ObjectBinding.UnitTests.Web.UI.Controls.BocTreeViewTest.EvaluateWaiConformityDebugLevelA" executed="True" result="Success" success="True" time="0.004" asserts="4" />
                                  <test-case name="Remotion.ObjectBinding.UnitTests.Web.UI.Controls.BocTreeViewTest.EvaluateWaiConformityDebugLevelUndefined" executed="True" result="Success" success="True" time="0.000" asserts="2" />
                                  <test-case name="Remotion.ObjectBinding.UnitTests.Web.UI.Controls.BocTreeViewTest.EvaluateWaiConformityLevelA" executed="True" result="Success" success="True" time="0.000" asserts="2" />
                                  <test-case name="Remotion.ObjectBinding.UnitTests.Web.UI.Controls.BocTreeViewTest.LoadUnboundValueAndInterimFalseWithList" executed="True" result="Success" success="True" time="0.003" asserts="1" />
                                  <test-case name="Remotion.ObjectBinding.UnitTests.Web.UI.Controls.BocTreeViewTest.LoadUnboundValueAndInterimFalseWithNull" executed="True" result="Success" success="True" time="0.000" asserts="1" />
                                  <test-case name="Remotion.ObjectBinding.UnitTests.Web.UI.Controls.BocTreeViewTest.LoadUnboundValueAndInterimTrueWithList" executed="True" result="Success" success="True" time="0.001" asserts="1" />
                                  <test-case name="Remotion.ObjectBinding.UnitTests.Web.UI.Controls.BocTreeViewTest.LoadUnboundValueAndInterimTrueWithNull" executed="True" result="Success" success="True" time="0.000" asserts="1" />
                                  <test-case name="Remotion.ObjectBinding.UnitTests.Web.UI.Controls.BocTreeViewTest.LoadValueAndInterimFalseWithObject" executed="True" result="Success" success="True" time="0.001" asserts="3" />
                                  <test-case name="Remotion.ObjectBinding.UnitTests.Web.UI.Controls.BocTreeViewTest.LoadValueAndInterimTrueWithObject" executed="True" result="Success" success="True" time="0.001" asserts="3" />
                                  <test-case name="Remotion.ObjectBinding.UnitTests.Web.UI.Controls.BocTreeViewTest.SetValueToList" executed="True" result="Success" success="True" time="0.000" asserts="1" />
                                  <test-case name="Remotion.ObjectBinding.UnitTests.Web.UI.Controls.BocTreeViewTest.SetValueToNull" executed="True" result="Success" success="True" time="0.001" asserts="1" />
                                </results>
                              </test-suite>
                            </results>
                          </test-suite>
                        </results>
                      </test-suite>
                    </results>
                  </test-suite>
                </results>
              </test-suite>
            </results>
          </test-suite>
        </results>
      </test-suite>
    </results>
  </test-suite>
</test-results>